Initializing cache
    new inotifyFd = 4
        markCacheSlotEmpty: slot = 0;  wd = 0; path = 
        markCacheSlotEmpty: slot = 1;  wd = 0; path = 
        markCacheSlotEmpty: slot = 2;  wd = 0; path = 
        markCacheSlotEmpty: slot = 3;  wd = 0; path = 
        markCacheSlotEmpty: slot = 4;  wd = 0; path = 
        markCacheSlotEmpty: slot = 5;  wd = 0; path = 
        markCacheSlotEmpty: slot = 6;  wd = 0; path = 
        markCacheSlotEmpty: slot = 7;  wd = 0; path = 
        markCacheSlotEmpty: slot = 8;  wd = 0; path = 
        markCacheSlotEmpty: slot = 9;  wd = 0; path = 
        markCacheSlotEmpty: slot = 10;  wd = 0; path = 
        markCacheSlotEmpty: slot = 11;  wd = 0; path = 
        markCacheSlotEmpty: slot = 12;  wd = 0; path = 
        markCacheSlotEmpty: slot = 13;  wd = 0; path = 
        markCacheSlotEmpty: slot = 14;  wd = 0; path = 
        markCacheSlotEmpty: slot = 15;  wd = 0; path = 
        markCacheSlotEmpty: slot = 16;  wd = 0; path = 
        markCacheSlotEmpty: slot = 17;  wd = 0; path = 
        markCacheSlotEmpty: slot = 18;  wd = 0; path = 
        markCacheSlotEmpty: slot = 19;  wd = 0; path = 
        markCacheSlotEmpty: slot = 20;  wd = 0; path = 
        markCacheSlotEmpty: slot = 21;  wd = 0; path = 
        markCacheSlotEmpty: slot = 22;  wd = 0; path = 
        markCacheSlotEmpty: slot = 23;  wd = 0; path = 
        markCacheSlotEmpty: slot = 24;  wd = 0; path = 
        markCacheSlotEmpty: slot = 25;  wd = 0; path = 
        markCacheSlotEmpty: slot = 26;  wd = 0; path = 
        markCacheSlotEmpty: slot = 27;  wd = 0; path = 
        markCacheSlotEmpty: slot = 28;  wd = 0; path = 
        markCacheSlotEmpty: slot = 29;  wd = 0; path = 
        markCacheSlotEmpty: slot = 30;  wd = 0; path = 
        markCacheSlotEmpty: slot = 31;  wd = 0; path = 
        markCacheSlotEmpty: slot = 32;  wd = 0; path = 
        markCacheSlotEmpty: slot = 33;  wd = 0; path = 
        markCacheSlotEmpty: slot = 34;  wd = 0; path = 
        markCacheSlotEmpty: slot = 35;  wd = 0; path = 
        markCacheSlotEmpty: slot = 36;  wd = 0; path = 
        markCacheSlotEmpty: slot = 37;  wd = 0; path = 
        markCacheSlotEmpty: slot = 38;  wd = 0; path = 
        markCacheSlotEmpty: slot = 39;  wd = 0; path = 
        markCacheSlotEmpty: slot = 40;  wd = 0; path = 
        markCacheSlotEmpty: slot = 41;  wd = 0; path = 
        markCacheSlotEmpty: slot = 42;  wd = 0; path = 
        markCacheSlotEmpty: slot = 43;  wd = 0; path = 
        markCacheSlotEmpty: slot = 44;  wd = 0; path = 
        markCacheSlotEmpty: slot = 45;  wd = 0; path = 
        markCacheSlotEmpty: slot = 46;  wd = 0; path = 
        markCacheSlotEmpty: slot = 47;  wd = 0; path = 
        markCacheSlotEmpty: slot = 48;  wd = 0; path = 
        markCacheSlotEmpty: slot = 49;  wd = 0; path = 
        markCacheSlotEmpty: slot = 50;  wd = 0; path = 
        markCacheSlotEmpty: slot = 51;  wd = 0; path = 
        markCacheSlotEmpty: slot = 52;  wd = 0; path = 
        markCacheSlotEmpty: slot = 53;  wd = 0; path = 
        markCacheSlotEmpty: slot = 54;  wd = 0; path = 
        markCacheSlotEmpty: slot = 55;  wd = 0; path = 
        markCacheSlotEmpty: slot = 56;  wd = 0; path = 
        markCacheSlotEmpty: slot = 57;  wd = 0; path = 
        markCacheSlotEmpty: slot = 58;  wd = 0; path = 
        markCacheSlotEmpty: slot = 59;  wd = 0; path = 
        markCacheSlotEmpty: slot = 60;  wd = 0; path = 
        markCacheSlotEmpty: slot = 61;  wd = 0; path = 
        markCacheSlotEmpty: slot = 62;  wd = 0; path = 
        markCacheSlotEmpty: slot = 63;  wd = 0; path = 
        markCacheSlotEmpty: slot = 64;  wd = 0; path = 
        markCacheSlotEmpty: slot = 65;  wd = 0; path = 
        markCacheSlotEmpty: slot = 66;  wd = 0; path = 
        markCacheSlotEmpty: slot = 67;  wd = 0; path = 
        markCacheSlotEmpty: slot = 68;  wd = 0; path = 
        markCacheSlotEmpty: slot = 69;  wd = 0; path = 
        markCacheSlotEmpty: slot = 70;  wd = 0; path = 
        markCacheSlotEmpty: slot = 71;  wd = 0; path = 
        markCacheSlotEmpty: slot = 72;  wd = 0; path = 
        markCacheSlotEmpty: slot = 73;  wd = 0; path = 
        markCacheSlotEmpty: slot = 74;  wd = 0; path = 
        markCacheSlotEmpty: slot = 75;  wd = 0; path = 
        markCacheSlotEmpty: slot = 76;  wd = 0; path = 
        markCacheSlotEmpty: slot = 77;  wd = 0; path = 
        markCacheSlotEmpty: slot = 78;  wd = 0; path = 
        markCacheSlotEmpty: slot = 79;  wd = 0; path = 
        markCacheSlotEmpty: slot = 80;  wd = 0; path = 
        markCacheSlotEmpty: slot = 81;  wd = 0; path = 
        markCacheSlotEmpty: slot = 82;  wd = 0; path = 
        markCacheSlotEmpty: slot = 83;  wd = 0; path = 
        markCacheSlotEmpty: slot = 84;  wd = 0; path = 
        markCacheSlotEmpty: slot = 85;  wd = 0; path = 
        markCacheSlotEmpty: slot = 86;  wd = 0; path = 
        markCacheSlotEmpty: slot = 87;  wd = 0; path = 
        markCacheSlotEmpty: slot = 88;  wd = 0; path = 
        markCacheSlotEmpty: slot = 89;  wd = 0; path = 
        markCacheSlotEmpty: slot = 90;  wd = 0; path = 
        markCacheSlotEmpty: slot = 91;  wd = 0; path = 
        markCacheSlotEmpty: slot = 92;  wd = 0; path = 
        markCacheSlotEmpty: slot = 93;  wd = 0; path = 
        markCacheSlotEmpty: slot = 94;  wd = 0; path = 
        markCacheSlotEmpty: slot = 95;  wd = 0; path = 
        markCacheSlotEmpty: slot = 96;  wd = 0; path = 
        markCacheSlotEmpty: slot = 97;  wd = 0; path = 
        markCacheSlotEmpty: slot = 98;  wd = 0; path = 
        markCacheSlotEmpty: slot = 99;  wd = 0; path = 
        markCacheSlotEmpty: slot = 100;  wd = 0; path = 
        markCacheSlotEmpty: slot = 101;  wd = 0; path = 
        markCacheSlotEmpty: slot = 102;  wd = 0; path = 
        markCacheSlotEmpty: slot = 103;  wd = 0; path = 
        markCacheSlotEmpty: slot = 104;  wd = 0; path = 
        markCacheSlotEmpty: slot = 105;  wd = 0; path = 
        markCacheSlotEmpty: slot = 106;  wd = 0; path = 
        markCacheSlotEmpty: slot = 107;  wd = 0; path = 
        markCacheSlotEmpty: slot = 108;  wd = 0; path = 
        markCacheSlotEmpty: slot = 109;  wd = 0; path = 
        markCacheSlotEmpty: slot = 110;  wd = 0; path = 
        markCacheSlotEmpty: slot = 111;  wd = 0; path = 
        markCacheSlotEmpty: slot = 112;  wd = 0; path = 
        markCacheSlotEmpty: slot = 113;  wd = 0; path = 
        markCacheSlotEmpty: slot = 114;  wd = 0; path = 
        markCacheSlotEmpty: slot = 115;  wd = 0; path = 
        markCacheSlotEmpty: slot = 116;  wd = 0; path = 
        markCacheSlotEmpty: slot = 117;  wd = 0; path = 
        markCacheSlotEmpty: slot = 118;  wd = 0; path = 
        markCacheSlotEmpty: slot = 119;  wd = 0; path = 
        markCacheSlotEmpty: slot = 120;  wd = 0; path = 
        markCacheSlotEmpty: slot = 121;  wd = 0; path = 
        markCacheSlotEmpty: slot = 122;  wd = 0; path = 
        markCacheSlotEmpty: slot = 123;  wd = 0; path = 
        markCacheSlotEmpty: slot = 124;  wd = 0; path = 
        markCacheSlotEmpty: slot = 125;  wd = 0; path = 
        markCacheSlotEmpty: slot = 126;  wd = 0; path = 
        markCacheSlotEmpty: slot = 127;  wd = 0; path = 
        markCacheSlotEmpty: slot = 128;  wd = 0; path = 
        markCacheSlotEmpty: slot = 129;  wd = 0; path = 
        markCacheSlotEmpty: slot = 130;  wd = 0; path = 
        markCacheSlotEmpty: slot = 131;  wd = 0; path = 
        markCacheSlotEmpty: slot = 132;  wd = 0; path = 
        markCacheSlotEmpty: slot = 133;  wd = 0; path = 
        markCacheSlotEmpty: slot = 134;  wd = 0; path = 
        markCacheSlotEmpty: slot = 135;  wd = 0; path = 
        markCacheSlotEmpty: slot = 136;  wd = 0; path = 
        markCacheSlotEmpty: slot = 137;  wd = 0; path = 
        markCacheSlotEmpty: slot = 138;  wd = 0; path = 
        markCacheSlotEmpty: slot = 139;  wd = 0; path = 
        markCacheSlotEmpty: slot = 140;  wd = 0; path = 
        markCacheSlotEmpty: slot = 141;  wd = 0; path = 
        markCacheSlotEmpty: slot = 142;  wd = 0; path = 
        markCacheSlotEmpty: slot = 143;  wd = 0; path = 
        markCacheSlotEmpty: slot = 144;  wd = 0; path = 
        markCacheSlotEmpty: slot = 145;  wd = 0; path = 
        markCacheSlotEmpty: slot = 146;  wd = 0; path = 
        markCacheSlotEmpty: slot = 147;  wd = 0; path = 
        markCacheSlotEmpty: slot = 148;  wd = 0; path = 
        markCacheSlotEmpty: slot = 149;  wd = 0; path = 
        markCacheSlotEmpty: slot = 150;  wd = 0; path = 
        markCacheSlotEmpty: slot = 151;  wd = 0; path = 
        markCacheSlotEmpty: slot = 152;  wd = 0; path = 
        markCacheSlotEmpty: slot = 153;  wd = 0; path = 
        markCacheSlotEmpty: slot = 154;  wd = 0; path = 
        markCacheSlotEmpty: slot = 155;  wd = 0; path = 
        markCacheSlotEmpty: slot = 156;  wd = 0; path = 
        markCacheSlotEmpty: slot = 157;  wd = 0; path = 
        markCacheSlotEmpty: slot = 158;  wd = 0; path = 
        markCacheSlotEmpty: slot = 159;  wd = 0; path = 
        markCacheSlotEmpty: slot = 160;  wd = 0; path = 
        markCacheSlotEmpty: slot = 161;  wd = 0; path = 
        markCacheSlotEmpty: slot = 162;  wd = 0; path = 
        markCacheSlotEmpty: slot = 163;  wd = 0; path = 
        markCacheSlotEmpty: slot = 164;  wd = 0; path = 
        markCacheSlotEmpty: slot = 165;  wd = 0; path = 
        markCacheSlotEmpty: slot = 166;  wd = 0; path = 
        markCacheSlotEmpty: slot = 167;  wd = 0; path = 
        markCacheSlotEmpty: slot = 168;  wd = 0; path = 
        markCacheSlotEmpty: slot = 169;  wd = 0; path = 
        markCacheSlotEmpty: slot = 170;  wd = 0; path = 
        markCacheSlotEmpty: slot = 171;  wd = 0; path = 
        markCacheSlotEmpty: slot = 172;  wd = 0; path = 
        markCacheSlotEmpty: slot = 173;  wd = 0; path = 
        markCacheSlotEmpty: slot = 174;  wd = 0; path = 
        markCacheSlotEmpty: slot = 175;  wd = 0; path = 
        markCacheSlotEmpty: slot = 176;  wd = 0; path = 
        markCacheSlotEmpty: slot = 177;  wd = 0; path = 
        markCacheSlotEmpty: slot = 178;  wd = 0; path = 
        markCacheSlotEmpty: slot = 179;  wd = 0; path = 
        markCacheSlotEmpty: slot = 180;  wd = 0; path = 
        markCacheSlotEmpty: slot = 181;  wd = 0; path = 
        markCacheSlotEmpty: slot = 182;  wd = 0; path = 
        markCacheSlotEmpty: slot = 183;  wd = 0; path = 
        markCacheSlotEmpty: slot = 184;  wd = 0; path = 
        markCacheSlotEmpty: slot = 185;  wd = 0; path = 
        markCacheSlotEmpty: slot = 186;  wd = 0; path = 
        markCacheSlotEmpty: slot = 187;  wd = 0; path = 
        markCacheSlotEmpty: slot = 188;  wd = 0; path = 
        markCacheSlotEmpty: slot = 189;  wd = 0; path = 
        markCacheSlotEmpty: slot = 190;  wd = 0; path = 
        markCacheSlotEmpty: slot = 191;  wd = 0; path = 
        markCacheSlotEmpty: slot = 192;  wd = 0; path = 
        markCacheSlotEmpty: slot = 193;  wd = 0; path = 
        markCacheSlotEmpty: slot = 194;  wd = 0; path = 
        markCacheSlotEmpty: slot = 195;  wd = 0; path = 
        markCacheSlotEmpty: slot = 196;  wd = 0; path = 
        markCacheSlotEmpty: slot = 197;  wd = 0; path = 
        markCacheSlotEmpty: slot = 198;  wd = 0; path = 
        markCacheSlotEmpty: slot = 199;  wd = 0; path = 
    watchDir: wd = 1 [cache slot: 0]; /root/data/app/release_pack
    watchDir: wd = 2 [cache slot: 1]; /root/data/app/release_pack/shell
    watchDir: wd = 3 [cache slot: 2]; /root/data/app/release_pack/conference
    watchDir: wd = 4 [cache slot: 3]; /root/data/app/release_pack/conference/2015
    watchDir: wd = 5 [cache slot: 4]; /root/data/app/release_pack/conference/.git
    watchDir: wd = 6 [cache slot: 5]; /root/data/app/release_pack/conference/.git/hooks
    watchDir: wd = 7 [cache slot: 6]; /root/data/app/release_pack/conference/.git/info
    watchDir: wd = 8 [cache slot: 7]; /root/data/app/release_pack/conference/.git/logs
    watchDir: wd = 9 [cache slot: 8]; /root/data/app/release_pack/conference/.git/logs/refs
    watchDir: wd = 10 [cache slot: 9]; /root/data/app/release_pack/conference/.git/logs/refs/remotes
    watchDir: wd = 11 [cache slot: 10]; /root/data/app/release_pack/conference/.git/logs/refs/remotes/origin
    watchDir: wd = 12 [cache slot: 11]; /root/data/app/release_pack/conference/.git/logs/refs/heads
    watchDir: wd = 13 [cache slot: 12]; /root/data/app/release_pack/conference/.git/refs
    watchDir: wd = 14 [cache slot: 13]; /root/data/app/release_pack/conference/.git/refs/remotes
    watchDir: wd = 15 [cache slot: 14]; /root/data/app/release_pack/conference/.git/refs/remotes/origin
    watchDir: wd = 16 [cache slot: 15]; /root/data/app/release_pack/conference/.git/refs/heads
    watchDir: wd = 17 [cache slot: 16]; /root/data/app/release_pack/conference/.git/refs/tags
    watchDir: wd = 18 [cache slot: 17]; /root/data/app/release_pack/conference/.git/objects
    watchDir: wd = 19 [cache slot: 18]; /root/data/app/release_pack/conference/.git/objects/e0
    watchDir: wd = 20 [cache slot: 19]; /root/data/app/release_pack/conference/.git/objects/49
    watchDir: wd = 21 [cache slot: 20]; /root/data/app/release_pack/conference/.git/objects/ca
    watchDir: wd = 22 [cache slot: 21]; /root/data/app/release_pack/conference/.git/objects/e2
    watchDir: wd = 23 [cache slot: 22]; /root/data/app/release_pack/conference/.git/objects/d7
    watchDir: wd = 24 [cache slot: 23]; /root/data/app/release_pack/conference/.git/objects/78
    watchDir: wd = 25 [cache slot: 24]; /root/data/app/release_pack/conference/.git/objects/3a
    watchDir: wd = 26 [cache slot: 25]; /root/data/app/release_pack/conference/.git/objects/2d
    watchDir: wd = 27 [cache slot: 26]; /root/data/app/release_pack/conference/.git/objects/81
    watchDir: wd = 28 [cache slot: 27]; /root/data/app/release_pack/conference/.git/objects/18
    watchDir: wd = 29 [cache slot: 28]; /root/data/app/release_pack/conference/.git/objects/c3
    watchDir: wd = 30 [cache slot: 29]; /root/data/app/release_pack/conference/.git/objects/53
    watchDir: wd = 31 [cache slot: 30]; /root/data/app/release_pack/conference/.git/objects/62
    watchDir: wd = 32 [cache slot: 31]; /root/data/app/release_pack/conference/.git/objects/25
    watchDir: wd = 33 [cache slot: 32]; /root/data/app/release_pack/conference/.git/objects/f3
    watchDir: wd = 34 [cache slot: 33]; /root/data/app/release_pack/conference/.git/objects/04
    watchDir: wd = 35 [cache slot: 34]; /root/data/app/release_pack/conference/.git/objects/1b
    watchDir: wd = 36 [cache slot: 35]; /root/data/app/release_pack/conference/.git/objects/6a
    watchDir: wd = 37 [cache slot: 36]; /root/data/app/release_pack/conference/.git/objects/a8
    watchDir: wd = 38 [cache slot: 37]; /root/data/app/release_pack/conference/.git/objects/1e
    watchDir: wd = 39 [cache slot: 38]; /root/data/app/release_pack/conference/.git/objects/3c
    watchDir: wd = 40 [cache slot: 39]; /root/data/app/release_pack/conference/.git/objects/f1
    watchDir: wd = 41 [cache slot: 40]; /root/data/app/release_pack/conference/.git/objects/9a
    watchDir: wd = 42 [cache slot: 41]; /root/data/app/release_pack/conference/.git/objects/7c
    watchDir: wd = 43 [cache slot: 42]; /root/data/app/release_pack/conference/.git/objects/31
    watchDir: wd = 44 [cache slot: 43]; /root/data/app/release_pack/conference/.git/objects/0f
    watchDir: wd = 45 [cache slot: 44]; /root/data/app/release_pack/conference/.git/objects/29
    watchDir: wd = 46 [cache slot: 45]; /root/data/app/release_pack/conference/.git/objects/b4
    watchDir: wd = 47 [cache slot: 46]; /root/data/app/release_pack/conference/.git/objects/c9
    watchDir: wd = 48 [cache slot: 47]; /root/data/app/release_pack/conference/.git/objects/info
    watchDir: wd = 49 [cache slot: 48]; /root/data/app/release_pack/conference/.git/objects/77
    watchDir: wd = 50 [cache slot: 49]; /root/data/app/release_pack/conference/.git/objects/be
    watchDir: wd = 51 [cache slot: 50]; /root/data/app/release_pack/conference/.git/objects/7a
    watchDir: wd = 52 [cache slot: 51]; /root/data/app/release_pack/conference/.git/objects/0c
    watchDir: wd = 53 [cache slot: 52]; /root/data/app/release_pack/conference/.git/objects/6f
    watchDir: wd = 54 [cache slot: 53]; /root/data/app/release_pack/conference/.git/objects/32
    watchDir: wd = 55 [cache slot: 54]; /root/data/app/release_pack/conference/.git/objects/bd
    watchDir: wd = 56 [cache slot: 55]; /root/data/app/release_pack/conference/.git/objects/3f
    watchDir: wd = 57 [cache slot: 56]; /root/data/app/release_pack/conference/.git/objects/f0
    watchDir: wd = 58 [cache slot: 57]; /root/data/app/release_pack/conference/.git/objects/c0
    watchDir: wd = 59 [cache slot: 58]; /root/data/app/release_pack/conference/.git/objects/52
    watchDir: wd = 60 [cache slot: 59]; /root/data/app/release_pack/conference/.git/objects/87
    watchDir: wd = 61 [cache slot: 60]; /root/data/app/release_pack/conference/.git/objects/73
    watchDir: wd = 62 [cache slot: 61]; /root/data/app/release_pack/conference/.git/objects/71
    watchDir: wd = 63 [cache slot: 62]; /root/data/app/release_pack/conference/.git/objects/59
    watchDir: wd = 64 [cache slot: 63]; /root/data/app/release_pack/conference/.git/objects/45
    watchDir: wd = 65 [cache slot: 64]; /root/data/app/release_pack/conference/.git/objects/56
    watchDir: wd = 66 [cache slot: 65]; /root/data/app/release_pack/conference/.git/objects/b7
    watchDir: wd = 67 [cache slot: 66]; /root/data/app/release_pack/conference/.git/objects/a9
    watchDir: wd = 68 [cache slot: 67]; /root/data/app/release_pack/conference/.git/objects/74
    watchDir: wd = 69 [cache slot: 68]; /root/data/app/release_pack/conference/.git/objects/1c
    watchDir: wd = 70 [cache slot: 69]; /root/data/app/release_pack/conference/.git/objects/7e
    watchDir: wd = 71 [cache slot: 70]; /root/data/app/release_pack/conference/.git/objects/1a
    watchDir: wd = 72 [cache slot: 71]; /root/data/app/release_pack/conference/.git/objects/ee
    watchDir: wd = 73 [cache slot: 72]; /root/data/app/release_pack/conference/.git/objects/86
    watchDir: wd = 74 [cache slot: 73]; /root/data/app/release_pack/conference/.git/objects/37
    watchDir: wd = 75 [cache slot: 74]; /root/data/app/release_pack/conference/.git/objects/39
    watchDir: wd = 76 [cache slot: 75]; /root/data/app/release_pack/conference/.git/objects/d2
    watchDir: wd = 77 [cache slot: 76]; /root/data/app/release_pack/conference/.git/objects/c2
    watchDir: wd = 78 [cache slot: 77]; /root/data/app/release_pack/conference/.git/objects/f5
    watchDir: wd = 79 [cache slot: 78]; /root/data/app/release_pack/conference/.git/objects/dc
    watchDir: wd = 80 [cache slot: 79]; /root/data/app/release_pack/conference/.git/objects/f8
    watchDir: wd = 81 [cache slot: 80]; /root/data/app/release_pack/conference/.git/objects/4e
    watchDir: wd = 82 [cache slot: 81]; /root/data/app/release_pack/conference/.git/objects/88
    watchDir: wd = 83 [cache slot: 82]; /root/data/app/release_pack/conference/.git/objects/90
    watchDir: wd = 84 [cache slot: 83]; /root/data/app/release_pack/conference/.git/objects/36
    watchDir: wd = 85 [cache slot: 84]; /root/data/app/release_pack/conference/.git/objects/pack
    watchDir: wd = 86 [cache slot: 85]; /root/data/app/release_pack/conference/.git/objects/34
    watchDir: wd = 87 [cache slot: 86]; /root/data/app/release_pack/conference/.git/objects/4a
    watchDir: wd = 88 [cache slot: 87]; /root/data/app/release_pack/conference/.git/objects/7f
    watchDir: wd = 89 [cache slot: 88]; /root/data/app/release_pack/conference/.git/objects/ba
    watchDir: wd = 90 [cache slot: 89]; /root/data/app/release_pack/conference/.git/objects/a5
    watchDir: wd = 91 [cache slot: 90]; /root/data/app/release_pack/conference/.git/objects/35
    watchDir: wd = 92 [cache slot: 91]; /root/data/app/release_pack/conference/.git/objects/09
    watchDir: wd = 93 [cache slot: 92]; /root/data/app/release_pack/conference/.git/objects/e3
    watchDir: wd = 94 [cache slot: 93]; /root/data/app/release_pack/conference/.git/objects/cf
    watchDir: wd = 95 [cache slot: 94]; /root/data/app/release_pack/conference/.git/objects/ab
    watchDir: wd = 96 [cache slot: 95]; /root/data/app/release_pack/conference/.git/objects/e1
    watchDir: wd = 97 [cache slot: 96]; /root/data/app/release_pack/conference/.git/objects/a7
    watchDir: wd = 98 [cache slot: 97]; /root/data/app/release_pack/conference/.git/branches
    watchDir: wd = 99 [cache slot: 98]; /root/data/app/release_pack/conference/2018
    watchDir: wd = 100 [cache slot: 99]; /root/data/app/release_pack/conference/2017
    watchDir: wd = 101 [cache slot: 100]; /root/data/app/release_pack/conference/2016
    watchDir: wd = 102 [cache slot: 101]; /root/data/app/release_pack/uparse
    watchDir: wd = 103 [cache slot: 102]; /root/data/app/release_pack/uparse/config
    watchDir: wd = 104 [cache slot: 103]; /root/data/app/release_pack/uparse/config/template
    watchDir: wd = 105 [cache slot: 104]; /root/data/app/release_pack/uparse/log
    watchDir: wd = 106 [cache slot: 105]; /root/data/app/release_pack/uparse/lib
    watchDir: wd = 107 [cache slot: 106]; /root/data/app/release_pack/uparse/lib/luasandbox
    watchDir: wd = 108 [cache slot: 107]; /root/data/app/release_pack/uparse/lib/luasandbox/modules
    watchDir: wd = 109 [cache slot: 108]; /root/data/app/release_pack/uparse/lib/luasandbox/io_modules
    watchDir: wd = 110 [cache slot: 109]; /root/data/app/release_pack/uparse/lib/luasandbox/io_modules/mime
    watchDir: wd = 111 [cache slot: 110]; /root/data/app/release_pack/uparse/lib/luasandbox/io_modules/socket
    watchDir: wd = 112 [cache slot: 111]; /root/data/app/release_pack/uparse/include
    watchDir: wd = 113 [cache slot: 112]; /root/data/app/release_pack/uparse/include/luasandbox
    watchDir: wd = 114 [cache slot: 113]; /root/data/app/release_pack/uparse/bin
    watchDir: wd = 115 [cache slot: 114]; /root/data/app/release_pack/uparse/temp
    watchDir: wd = 116 [cache slot: 115]; /root/data/app/release_pack/uparse/share
    watchDir: wd = 117 [cache slot: 116]; /root/data/app/release_pack/uparse/share/doc
    watchDir: wd = 118 [cache slot: 117]; /root/data/app/release_pack/uparse/share/doc/luasandbox
    watchDir: wd = 119 [cache slot: 118]; /root/data/app/release_pack/uparse/share/man
    watchDir: wd = 120 [cache slot: 119]; /root/data/app/release_pack/uparse/share/man/man5
    watchDir: wd = 121 [cache slot: 120]; /root/data/app/release_pack/uparse/share/man/man1
    watchDir: wd = 122 [cache slot: 121]; /root/data/app/release_pack/uparse/share/uparse
    watchDir: wd = 123 [cache slot: 122]; /root/data/app/release_pack/uparse/share/uparse/dasher
    watchDir: wd = 124 [cache slot: 123]; /root/data/app/release_pack/uparse/share/uparse/dasher/fonts
    watchDir: wd = 125 [cache slot: 124]; /root/data/app/release_pack/uparse/share/uparse/dasher/css
    watchDir: wd = 126 [cache slot: 125]; /root/data/app/release_pack/uparse/share/uparse/dasher/javascript
    watchDir: wd = 127 [cache slot: 126]; /root/data/app/release_pack/uparse/share/uparse/dasher/javascript/adapters
    watchDir: wd = 128 [cache slot: 127]; /root/data/app/release_pack/uparse/share/uparse/dasher/javascript/lib
    watchDir: wd = 129 [cache slot: 128]; /root/data/app/release_pack/uparse/share/uparse/dasher/javascript/templates
    watchDir: wd = 130 [cache slot: 129]; /root/data/app/release_pack/uparse/share/uparse/dasher/javascript/templates/sandboxes
    watchDir: wd = 131 [cache slot: 130]; /root/data/app/release_pack/uparse/share/uparse/dasher/javascript/templates/termination_report
    watchDir: wd = 132 [cache slot: 131]; /root/data/app/release_pack/uparse/share/uparse/dasher/javascript/templates/health
    watchDir: wd = 133 [cache slot: 132]; /root/data/app/release_pack/uparse/share/uparse/dasher/javascript/models
    watchDir: wd = 134 [cache slot: 133]; /root/data/app/release_pack/uparse/share/uparse/dasher/javascript/views
    watchDir: wd = 135 [cache slot: 134]; /root/data/app/release_pack/uparse/share/uparse/dasher/javascript/views/sandboxes
    watchDir: wd = 136 [cache slot: 135]; /root/data/app/release_pack/uparse/share/uparse/dasher/javascript/views/termination_report
    watchDir: wd = 137 [cache slot: 136]; /root/data/app/release_pack/uparse/share/uparse/dasher/javascript/views/health
    watchDir: wd = 138 [cache slot: 137]; /root/data/app/release_pack/uparse/share/uparse/dasher/javascript/presenters
    watchDir: wd = 139 [cache slot: 138]; /root/data/app/release_pack/uparse/share/uparse/dasher/javascript/vendor
    watchDir: wd = 140 [cache slot: 139]; /root/data/app/release_pack/uparse/share/uparse/dasher/javascript/collections
    watchDir: wd = 141 [cache slot: 140]; /root/data/app/release_pack/uparse/share/uparse/dasher/images
    watchDir: wd = 142 [cache slot: 141]; /root/data/app/release_pack/uparse/share/uparse/examples
    watchDir: wd = 143 [cache slot: 142]; /root/data/app/release_pack/uparse/share/uparse/lua_filters
    watchDir: wd = 144 [cache slot: 143]; /root/data/app/release_pack/uparse/share/uparse/lua_decoders
    watchDir: wd = 145 [cache slot: 144]; /root/data/app/release_pack/uparse/share/uparse/lua_modules
    watchDir: wd = 146 [cache slot: 145]; /root/data/app/release_pack/uparse/share/uparse/lua_encoders
    watchDir: wd = 147 [cache slot: 146]; /root/data/app/release_pack/uparse/share/uparse/lua_io_modules
    watchDir: wd = 148 [cache slot: 147]; /root/data/app/release_pack/uparse/share/uparse/lua_io_modules/mime
    watchDir: wd = 149 [cache slot: 148]; /root/data/app/release_pack/uparse/share/uparse/lua_io_modules/socket
    watchDir: wd = 150 [cache slot: 149]; /root/data/app/release_pack/librdkafka
    watchDir: wd = 151 [cache slot: 150]; /root/data/app/release_pack/librdkafka/packaging
    watchDir: wd = 152 [cache slot: 151]; /root/data/app/release_pack/librdkafka/packaging/cmake
    watchDir: wd = 153 [cache slot: 152]; /root/data/app/release_pack/librdkafka/packaging/cmake/try_compile
    watchDir: wd = 154 [cache slot: 153]; /root/data/app/release_pack/librdkafka/packaging/debian
    watchDir: wd = 155 [cache slot: 154]; /root/data/app/release_pack/librdkafka/packaging/debian/source
    watchDir: wd = 156 [cache slot: 155]; /root/data/app/release_pack/librdkafka/packaging/rpm
    watchDir: wd = 157 [cache slot: 156]; /root/data/app/release_pack/librdkafka/packaging/archlinux
    watchDir: wd = 158 [cache slot: 157]; /root/data/app/release_pack/librdkafka/packaging/nuget
    watchDir: wd = 159 [cache slot: 158]; /root/data/app/release_pack/librdkafka/packaging/nuget/templates
    watchDir: wd = 160 [cache slot: 159]; /root/data/app/release_pack/librdkafka/packaging/nuget/zfile
    watchDir: wd = 161 [cache slot: 160]; /root/data/app/release_pack/librdkafka/packaging/nuget/common
    watchDir: wd = 162 [cache slot: 161]; /root/data/app/release_pack/librdkafka/packaging/nuget/common/p-common__plat-windows__arch-win32__bldtype-Release
    watchDir: wd = 163 [cache slot: 162]; /root/data/app/release_pack/librdkafka/packaging/nuget/common/p-common__plat-windows__arch-x64__bldtype-Release
    watchDir: wd = 164 [cache slot: 163]; /root/data/app/release_pack/librdkafka/packaging/tools
    watchDir: wd = 165 [cache slot: 164]; /root/data/app/release_pack/librdkafka/packaging/homebrew
    watchDir: wd = 166 [cache slot: 165]; /root/data/app/release_pack/librdkafka/src
    watchDir: wd = 167 [cache slot: 166]; /root/data/app/release_pack/librdkafka/.github
    watchDir: wd = 168 [cache slot: 167]; /root/data/app/release_pack/librdkafka/src-cpp
    watchDir: wd = 169 [cache slot: 168]; /root/data/app/release_pack/librdkafka/examples
    watchDir: wd = 170 [cache slot: 169]; /root/data/app/release_pack/librdkafka/.git
    watchDir: wd = 171 [cache slot: 170]; /root/data/app/release_pack/librdkafka/.git/hooks
    watchDir: wd = 172 [cache slot: 171]; /root/data/app/release_pack/librdkafka/.git/info
    watchDir: wd = 173 [cache slot: 172]; /root/data/app/release_pack/librdkafka/.git/logs
    watchDir: wd = 174 [cache slot: 173]; /root/data/app/release_pack/librdkafka/.git/logs/refs
    watchDir: wd = 175 [cache slot: 174]; /root/data/app/release_pack/librdkafka/.git/logs/refs/remotes
    watchDir: wd = 176 [cache slot: 175]; /root/data/app/release_pack/librdkafka/.git/logs/refs/remotes/origin
    watchDir: wd = 177 [cache slot: 176]; /root/data/app/release_pack/librdkafka/.git/logs/refs/heads
    watchDir: wd = 178 [cache slot: 177]; /root/data/app/release_pack/librdkafka/.git/refs
    watchDir: wd = 179 [cache slot: 178]; /root/data/app/release_pack/librdkafka/.git/refs/remotes
    watchDir: wd = 180 [cache slot: 179]; /root/data/app/release_pack/librdkafka/.git/refs/remotes/origin
    watchDir: wd = 181 [cache slot: 180]; /root/data/app/release_pack/librdkafka/.git/refs/heads
    watchDir: wd = 182 [cache slot: 181]; /root/data/app/release_pack/librdkafka/.git/refs/tags
    watchDir: wd = 183 [cache slot: 182]; /root/data/app/release_pack/librdkafka/.git/objects
    watchDir: wd = 184 [cache slot: 183]; /root/data/app/release_pack/librdkafka/.git/objects/info
    watchDir: wd = 185 [cache slot: 184]; /root/data/app/release_pack/librdkafka/.git/objects/pack
    watchDir: wd = 186 [cache slot: 185]; /root/data/app/release_pack/librdkafka/.git/branches
    watchDir: wd = 187 [cache slot: 186]; /root/data/app/release_pack/librdkafka/tests
    watchDir: wd = 188 [cache slot: 187]; /root/data/app/release_pack/librdkafka/tests/interceptor_test
    watchDir: wd = 189 [cache slot: 188]; /root/data/app/release_pack/librdkafka/tests/java
    watchDir: wd = 190 [cache slot: 189]; /root/data/app/release_pack/librdkafka/tests/plugin_test
    watchDir: wd = 191 [cache slot: 190]; /root/data/app/release_pack/librdkafka/win32
    watchDir: wd = 192 [cache slot: 191]; /root/data/app/release_pack/librdkafka/win32/rdkafka_performance
    watchDir: wd = 193 [cache slot: 192]; /root/data/app/release_pack/librdkafka/win32/packages
    watchDir: wd = 194 [cache slot: 193]; /root/data/app/release_pack/librdkafka/win32/interceptor_test
    watchDir: wd = 195 [cache slot: 194]; /root/data/app/release_pack/librdkafka/win32/rdkafka_consumer_example_cpp
    watchDir: wd = 196 [cache slot: 195]; /root/data/app/release_pack/librdkafka/win32/tests
    watchDir: wd = 197 [cache slot: 196]; /root/data/app/release_pack/librdkafka/win32/librdkafkacpp
    watchDir: wd = 198 [cache slot: 197]; /root/data/app/release_pack/librdkafka/win32/rdkafka_example
    watchDir: wd = 199 [cache slot: 198]; /root/data/app/release_pack/librdkafka/mklove
    watchDir: wd = 200 [cache slot: 199]; /root/data/app/release_pack/librdkafka/mklove/modules
        markCacheSlotEmpty: slot = 200;  wd = 0; path = 
        markCacheSlotEmpty: slot = 201;  wd = 0; path = 
        markCacheSlotEmpty: slot = 202;  wd = 0; path = 
        markCacheSlotEmpty: slot = 203;  wd = 0; path = 
        markCacheSlotEmpty: slot = 204;  wd = 0; path = 
        markCacheSlotEmpty: slot = 205;  wd = 0; path = 
        markCacheSlotEmpty: slot = 206;  wd = 0; path = 
        markCacheSlotEmpty: slot = 207;  wd = 0; path = 
        markCacheSlotEmpty: slot = 208;  wd = 0; path = 
        markCacheSlotEmpty: slot = 209;  wd = 0; path = 
        markCacheSlotEmpty: slot = 210;  wd = 0; path = 
        markCacheSlotEmpty: slot = 211;  wd = 0; path = 
        markCacheSlotEmpty: slot = 212;  wd = 0; path = 
        markCacheSlotEmpty: slot = 213;  wd = 0; path = 
        markCacheSlotEmpty: slot = 214;  wd = 0; path = 
        markCacheSlotEmpty: slot = 215;  wd = 0; path = 
        markCacheSlotEmpty: slot = 216;  wd = 0; path = 
        markCacheSlotEmpty: slot = 217;  wd = 0; path = 
        markCacheSlotEmpty: slot = 218;  wd = 0; path = 
        markCacheSlotEmpty: slot = 219;  wd = 0; path = 
        markCacheSlotEmpty: slot = 220;  wd = 0; path = 
        markCacheSlotEmpty: slot = 221;  wd = 0; path = 
        markCacheSlotEmpty: slot = 222;  wd = 0; path = 
        markCacheSlotEmpty: slot = 223;  wd = 0; path = 
        markCacheSlotEmpty: slot = 224;  wd = 0; path = 
        markCacheSlotEmpty: slot = 225;  wd = 0; path = 
        markCacheSlotEmpty: slot = 226;  wd = 0; path = 
        markCacheSlotEmpty: slot = 227;  wd = 0; path = 
        markCacheSlotEmpty: slot = 228;  wd = 0; path = 
        markCacheSlotEmpty: slot = 229;  wd = 0; path = 
        markCacheSlotEmpty: slot = 230;  wd = 0; path = 
        markCacheSlotEmpty: slot = 231;  wd = 0; path = 
        markCacheSlotEmpty: slot = 232;  wd = 0; path = 
        markCacheSlotEmpty: slot = 233;  wd = 0; path = 
        markCacheSlotEmpty: slot = 234;  wd = 0; path = 
        markCacheSlotEmpty: slot = 235;  wd = 0; path = 
        markCacheSlotEmpty: slot = 236;  wd = 0; path = 
        markCacheSlotEmpty: slot = 237;  wd = 0; path = 
        markCacheSlotEmpty: slot = 238;  wd = 0; path = 
        markCacheSlotEmpty: slot = 239;  wd = 0; path = 
        markCacheSlotEmpty: slot = 240;  wd = 0; path = 
        markCacheSlotEmpty: slot = 241;  wd = 0; path = 
        markCacheSlotEmpty: slot = 242;  wd = 0; path = 
        markCacheSlotEmpty: slot = 243;  wd = 0; path = 
        markCacheSlotEmpty: slot = 244;  wd = 0; path = 
        markCacheSlotEmpty: slot = 245;  wd = 0; path = 
        markCacheSlotEmpty: slot = 246;  wd = 0; path = 
        markCacheSlotEmpty: slot = 247;  wd = 0; path = 
        markCacheSlotEmpty: slot = 248;  wd = 0; path = 
        markCacheSlotEmpty: slot = 249;  wd = 0; path = 
        markCacheSlotEmpty: slot = 250;  wd = 0; path = 
        markCacheSlotEmpty: slot = 251;  wd = 0; path = 
        markCacheSlotEmpty: slot = 252;  wd = 0; path = 
        markCacheSlotEmpty: slot = 253;  wd = 0; path = 
        markCacheSlotEmpty: slot = 254;  wd = 0; path = 
        markCacheSlotEmpty: slot = 255;  wd = 0; path = 
        markCacheSlotEmpty: slot = 256;  wd = 0; path = 
        markCacheSlotEmpty: slot = 257;  wd = 0; path = 
        markCacheSlotEmpty: slot = 258;  wd = 0; path = 
        markCacheSlotEmpty: slot = 259;  wd = 0; path = 
        markCacheSlotEmpty: slot = 260;  wd = 0; path = 
        markCacheSlotEmpty: slot = 261;  wd = 0; path = 
        markCacheSlotEmpty: slot = 262;  wd = 0; path = 
        markCacheSlotEmpty: slot = 263;  wd = 0; path = 
        markCacheSlotEmpty: slot = 264;  wd = 0; path = 
        markCacheSlotEmpty: slot = 265;  wd = 0; path = 
        markCacheSlotEmpty: slot = 266;  wd = 0; path = 
        markCacheSlotEmpty: slot = 267;  wd = 0; path = 
        markCacheSlotEmpty: slot = 268;  wd = 0; path = 
        markCacheSlotEmpty: slot = 269;  wd = 0; path = 
        markCacheSlotEmpty: slot = 270;  wd = 0; path = 
        markCacheSlotEmpty: slot = 271;  wd = 0; path = 
        markCacheSlotEmpty: slot = 272;  wd = 0; path = 
        markCacheSlotEmpty: slot = 273;  wd = 0; path = 
        markCacheSlotEmpty: slot = 274;  wd = 0; path = 
        markCacheSlotEmpty: slot = 275;  wd = 0; path = 
        markCacheSlotEmpty: slot = 276;  wd = 0; path = 
        markCacheSlotEmpty: slot = 277;  wd = 0; path = 
        markCacheSlotEmpty: slot = 278;  wd = 0; path = 
        markCacheSlotEmpty: slot = 279;  wd = 0; path = 
        markCacheSlotEmpty: slot = 280;  wd = 0; path = 
        markCacheSlotEmpty: slot = 281;  wd = 0; path = 
        markCacheSlotEmpty: slot = 282;  wd = 0; path = 
        markCacheSlotEmpty: slot = 283;  wd = 0; path = 
        markCacheSlotEmpty: slot = 284;  wd = 0; path = 
        markCacheSlotEmpty: slot = 285;  wd = 0; path = 
        markCacheSlotEmpty: slot = 286;  wd = 0; path = 
        markCacheSlotEmpty: slot = 287;  wd = 0; path = 
        markCacheSlotEmpty: slot = 288;  wd = 0; path = 
        markCacheSlotEmpty: slot = 289;  wd = 0; path = 
        markCacheSlotEmpty: slot = 290;  wd = 0; path = 
        markCacheSlotEmpty: slot = 291;  wd = 0; path = 
        markCacheSlotEmpty: slot = 292;  wd = 0; path = 
        markCacheSlotEmpty: slot = 293;  wd = 0; path = 
        markCacheSlotEmpty: slot = 294;  wd = 0; path = 
        markCacheSlotEmpty: slot = 295;  wd = 0; path = 
        markCacheSlotEmpty: slot = 296;  wd = 0; path = 
        markCacheSlotEmpty: slot = 297;  wd = 0; path = 
        markCacheSlotEmpty: slot = 298;  wd = 0; path = 
        markCacheSlotEmpty: slot = 299;  wd = 0; path = 
        markCacheSlotEmpty: slot = 300;  wd = 0; path = 
        markCacheSlotEmpty: slot = 301;  wd = 0; path = 
        markCacheSlotEmpty: slot = 302;  wd = 0; path = 
        markCacheSlotEmpty: slot = 303;  wd = 0; path = 
        markCacheSlotEmpty: slot = 304;  wd = 0; path = 
        markCacheSlotEmpty: slot = 305;  wd = 0; path = 
        markCacheSlotEmpty: slot = 306;  wd = 0; path = 
        markCacheSlotEmpty: slot = 307;  wd = 0; path = 
        markCacheSlotEmpty: slot = 308;  wd = 0; path = 
        markCacheSlotEmpty: slot = 309;  wd = 0; path = 
        markCacheSlotEmpty: slot = 310;  wd = 0; path = 
        markCacheSlotEmpty: slot = 311;  wd = 0; path = 
        markCacheSlotEmpty: slot = 312;  wd = 0; path = 
        markCacheSlotEmpty: slot = 313;  wd = 0; path = 
        markCacheSlotEmpty: slot = 314;  wd = 0; path = 
        markCacheSlotEmpty: slot = 315;  wd = 0; path = 
        markCacheSlotEmpty: slot = 316;  wd = 0; path = 
        markCacheSlotEmpty: slot = 317;  wd = 0; path = 
        markCacheSlotEmpty: slot = 318;  wd = 0; path = 
        markCacheSlotEmpty: slot = 319;  wd = 0; path = 
        markCacheSlotEmpty: slot = 320;  wd = 0; path = 
        markCacheSlotEmpty: slot = 321;  wd = 0; path = 
        markCacheSlotEmpty: slot = 322;  wd = 0; path = 
        markCacheSlotEmpty: slot = 323;  wd = 0; path = 
        markCacheSlotEmpty: slot = 324;  wd = 0; path = 
        markCacheSlotEmpty: slot = 325;  wd = 0; path = 
        markCacheSlotEmpty: slot = 326;  wd = 0; path = 
        markCacheSlotEmpty: slot = 327;  wd = 0; path = 
        markCacheSlotEmpty: slot = 328;  wd = 0; path = 
        markCacheSlotEmpty: slot = 329;  wd = 0; path = 
        markCacheSlotEmpty: slot = 330;  wd = 0; path = 
        markCacheSlotEmpty: slot = 331;  wd = 0; path = 
        markCacheSlotEmpty: slot = 332;  wd = 0; path = 
        markCacheSlotEmpty: slot = 333;  wd = 0; path = 
        markCacheSlotEmpty: slot = 334;  wd = 0; path = 
        markCacheSlotEmpty: slot = 335;  wd = 0; path = 
        markCacheSlotEmpty: slot = 336;  wd = 0; path = 
        markCacheSlotEmpty: slot = 337;  wd = 0; path = 
        markCacheSlotEmpty: slot = 338;  wd = 0; path = 
        markCacheSlotEmpty: slot = 339;  wd = 0; path = 
        markCacheSlotEmpty: slot = 340;  wd = 0; path = 
        markCacheSlotEmpty: slot = 341;  wd = 0; path = 
        markCacheSlotEmpty: slot = 342;  wd = 0; path = 
        markCacheSlotEmpty: slot = 343;  wd = 0; path = 
        markCacheSlotEmpty: slot = 344;  wd = 0; path = 
        markCacheSlotEmpty: slot = 345;  wd = 0; path = 
        markCacheSlotEmpty: slot = 346;  wd = 0; path = 
        markCacheSlotEmpty: slot = 347;  wd = 0; path = 
        markCacheSlotEmpty: slot = 348;  wd = 0; path = 
        markCacheSlotEmpty: slot = 349;  wd = 0; path = 
        markCacheSlotEmpty: slot = 350;  wd = 0; path = 
        markCacheSlotEmpty: slot = 351;  wd = 0; path = 
        markCacheSlotEmpty: slot = 352;  wd = 0; path = 
        markCacheSlotEmpty: slot = 353;  wd = 0; path = 
        markCacheSlotEmpty: slot = 354;  wd = 0; path = 
        markCacheSlotEmpty: slot = 355;  wd = 0; path = 
        markCacheSlotEmpty: slot = 356;  wd = 0; path = 
        markCacheSlotEmpty: slot = 357;  wd = 0; path = 
        markCacheSlotEmpty: slot = 358;  wd = 0; path = 
        markCacheSlotEmpty: slot = 359;  wd = 0; path = 
        markCacheSlotEmpty: slot = 360;  wd = 0; path = 
        markCacheSlotEmpty: slot = 361;  wd = 0; path = 
        markCacheSlotEmpty: slot = 362;  wd = 0; path = 
        markCacheSlotEmpty: slot = 363;  wd = 0; path = 
        markCacheSlotEmpty: slot = 364;  wd = 0; path = 
        markCacheSlotEmpty: slot = 365;  wd = 0; path = 
        markCacheSlotEmpty: slot = 366;  wd = 0; path = 
        markCacheSlotEmpty: slot = 367;  wd = 0; path = 
        markCacheSlotEmpty: slot = 368;  wd = 0; path = 
        markCacheSlotEmpty: slot = 369;  wd = 0; path = 
        markCacheSlotEmpty: slot = 370;  wd = 0; path = 
        markCacheSlotEmpty: slot = 371;  wd = 0; path = 
        markCacheSlotEmpty: slot = 372;  wd = 0; path = 
        markCacheSlotEmpty: slot = 373;  wd = 0; path = 
        markCacheSlotEmpty: slot = 374;  wd = 0; path = 
        markCacheSlotEmpty: slot = 375;  wd = 0; path = 
        markCacheSlotEmpty: slot = 376;  wd = 0; path = 
        markCacheSlotEmpty: slot = 377;  wd = 0; path = 
        markCacheSlotEmpty: slot = 378;  wd = 0; path = 
        markCacheSlotEmpty: slot = 379;  wd = 0; path = 
        markCacheSlotEmpty: slot = 380;  wd = 0; path = 
        markCacheSlotEmpty: slot = 381;  wd = 0; path = 
        markCacheSlotEmpty: slot = 382;  wd = 0; path = 
        markCacheSlotEmpty: slot = 383;  wd = 0; path = 
        markCacheSlotEmpty: slot = 384;  wd = 0; path = 
        markCacheSlotEmpty: slot = 385;  wd = 0; path = 
        markCacheSlotEmpty: slot = 386;  wd = 0; path = 
        markCacheSlotEmpty: slot = 387;  wd = 0; path = 
        markCacheSlotEmpty: slot = 388;  wd = 0; path = 
        markCacheSlotEmpty: slot = 389;  wd = 0; path = 
        markCacheSlotEmpty: slot = 390;  wd = 0; path = 
        markCacheSlotEmpty: slot = 391;  wd = 0; path = 
        markCacheSlotEmpty: slot = 392;  wd = 0; path = 
        markCacheSlotEmpty: slot = 393;  wd = 0; path = 
        markCacheSlotEmpty: slot = 394;  wd = 0; path = 
        markCacheSlotEmpty: slot = 395;  wd = 0; path = 
        markCacheSlotEmpty: slot = 396;  wd = 0; path = 
        markCacheSlotEmpty: slot = 397;  wd = 0; path = 
        markCacheSlotEmpty: slot = 398;  wd = 0; path = 
        markCacheSlotEmpty: slot = 399;  wd = 0; path = 
    watchDir: wd = 201 [cache slot: 200]; /root/data/app/release_pack/uparse_mgr_dir
    watchDir: wd = 202 [cache slot: 201]; /root/data/app/release_pack/uparse.base
    watchDir: wd = 203 [cache slot: 202]; /root/data/app/release_pack/uparse.base/config
    watchDir: wd = 204 [cache slot: 203]; /root/data/app/release_pack/uparse.base/lib
    watchDir: wd = 205 [cache slot: 204]; /root/data/app/release_pack/uparse.base/bin
    watchDir: wd = 206 [cache slot: 205]; /root/data/app/release_pack/uparse.base/dashboard
    watchDir: wd = 207 [cache slot: 206]; /root/data/app/release_pack/uparse.base/dashboard/data
    watchDir: wd = 208 [cache slot: 207]; /root/data/app/release_pack/uparse.base/share
    watchDir: wd = 209 [cache slot: 208]; /root/data/app/release_pack/uparse.base/share/uparse
    watchDir: wd = 210 [cache slot: 209]; /root/data/app/release_pack/uparse.base/share/uparse/dasher
    watchDir: wd = 211 [cache slot: 210]; /root/data/app/release_pack/uparse.base/share/uparse/dasher/fonts
    watchDir: wd = 212 [cache slot: 211]; /root/data/app/release_pack/uparse.base/share/uparse/dasher/css
    watchDir: wd = 213 [cache slot: 212]; /root/data/app/release_pack/uparse.base/share/uparse/dasher/javascript
    watchDir: wd = 214 [cache slot: 213]; /root/data/app/release_pack/uparse.base/share/uparse/dasher/javascript/adapters
    watchDir: wd = 215 [cache slot: 214]; /root/data/app/release_pack/uparse.base/share/uparse/dasher/javascript/lib
    watchDir: wd = 216 [cache slot: 215]; /root/data/app/release_pack/uparse.base/share/uparse/dasher/javascript/templates
    watchDir: wd = 217 [cache slot: 216]; /root/data/app/release_pack/uparse.base/share/uparse/dasher/javascript/templates/sandboxes
    watchDir: wd = 218 [cache slot: 217]; /root/data/app/release_pack/uparse.base/share/uparse/dasher/javascript/templates/termination_report
    watchDir: wd = 219 [cache slot: 218]; /root/data/app/release_pack/uparse.base/share/uparse/dasher/javascript/templates/health
    watchDir: wd = 220 [cache slot: 219]; /root/data/app/release_pack/uparse.base/share/uparse/dasher/javascript/models
    watchDir: wd = 221 [cache slot: 220]; /root/data/app/release_pack/uparse.base/share/uparse/dasher/javascript/views
    watchDir: wd = 222 [cache slot: 221]; /root/data/app/release_pack/uparse.base/share/uparse/dasher/javascript/views/sandboxes
    watchDir: wd = 223 [cache slot: 222]; /root/data/app/release_pack/uparse.base/share/uparse/dasher/javascript/views/termination_report
    watchDir: wd = 224 [cache slot: 223]; /root/data/app/release_pack/uparse.base/share/uparse/dasher/javascript/views/health
    watchDir: wd = 225 [cache slot: 224]; /root/data/app/release_pack/uparse.base/share/uparse/dasher/javascript/presenters
    watchDir: wd = 226 [cache slot: 225]; /root/data/app/release_pack/uparse.base/share/uparse/dasher/javascript/vendor
    watchDir: wd = 227 [cache slot: 226]; /root/data/app/release_pack/uparse.base/share/uparse/dasher/javascript/collections
    watchDir: wd = 228 [cache slot: 227]; /root/data/app/release_pack/uparse.base/share/uparse/dasher/images
    watchDir: wd = 229 [cache slot: 228]; /root/data/app/release_pack/uparse.base/share/uparse/examples
    watchDir: wd = 230 [cache slot: 229]; /root/data/app/release_pack/uparse.base/share/uparse/lua_filters
    watchDir: wd = 231 [cache slot: 230]; /root/data/app/release_pack/uparse.base/share/uparse/lua_decoders
    watchDir: wd = 232 [cache slot: 231]; /root/data/app/release_pack/uparse.base/share/uparse/lua_modules
    watchDir: wd = 233 [cache slot: 232]; /root/data/app/release_pack/uparse.base/share/uparse/lua_encoders
    watchDir: wd = 234 [cache slot: 233]; /root/data/app/release_pack/uparse.base/share/uparse/lua_io_modules
    watchDir: wd = 235 [cache slot: 234]; /root/data/app/release_pack/uparse.base/share/uparse/lua_io_modules/mime
    watchDir: wd = 236 [cache slot: 235]; /root/data/app/release_pack/uparse.base/share/uparse/lua_io_modules/socket
    watchDir: wd = 237 [cache slot: 236]; /root/data/app/release_pack/uparse.base/share/dashboard
    watchDir: wd = 238 [cache slot: 237]; /root/data/app/release_pack/uparse.base/share/dashboard/fonts
    watchDir: wd = 239 [cache slot: 238]; /root/data/app/release_pack/uparse.base/share/dashboard/css
    watchDir: wd = 240 [cache slot: 239]; /root/data/app/release_pack/uparse.base/share/dashboard/data
    watchDir: wd = 241 [cache slot: 240]; /root/data/app/release_pack/uparse.base/share/dashboard/javascript
    watchDir: wd = 242 [cache slot: 241]; /root/data/app/release_pack/uparse.base/share/dashboard/javascript/adapters
    watchDir: wd = 243 [cache slot: 242]; /root/data/app/release_pack/uparse.base/share/dashboard/javascript/lib
    watchDir: wd = 244 [cache slot: 243]; /root/data/app/release_pack/uparse.base/share/dashboard/javascript/templates
    watchDir: wd = 245 [cache slot: 244]; /root/data/app/release_pack/uparse.base/share/dashboard/javascript/templates/sandboxes
    watchDir: wd = 246 [cache slot: 245]; /root/data/app/release_pack/uparse.base/share/dashboard/javascript/templates/termination_report
    watchDir: wd = 247 [cache slot: 246]; /root/data/app/release_pack/uparse.base/share/dashboard/javascript/templates/health
    watchDir: wd = 248 [cache slot: 247]; /root/data/app/release_pack/uparse.base/share/dashboard/javascript/models
    watchDir: wd = 249 [cache slot: 248]; /root/data/app/release_pack/uparse.base/share/dashboard/javascript/views
    watchDir: wd = 250 [cache slot: 249]; /root/data/app/release_pack/uparse.base/share/dashboard/javascript/views/sandboxes
    watchDir: wd = 251 [cache slot: 250]; /root/data/app/release_pack/uparse.base/share/dashboard/javascript/views/termination_report
    watchDir: wd = 252 [cache slot: 251]; /root/data/app/release_pack/uparse.base/share/dashboard/javascript/views/health
    watchDir: wd = 253 [cache slot: 252]; /root/data/app/release_pack/uparse.base/share/dashboard/javascript/presenters
    watchDir: wd = 254 [cache slot: 253]; /root/data/app/release_pack/uparse.base/share/dashboard/javascript/vendor
    watchDir: wd = 255 [cache slot: 254]; /root/data/app/release_pack/uparse.base/share/dashboard/javascript/collections
    watchDir: wd = 256 [cache slot: 255]; /root/data/app/release_pack/uparse.base/share/dashboard/images
    watchSubtree: /root/data/app/release_pack/: 256 entries added
0: 1 /root/data/app/release_pack
1: 2 /root/data/app/release_pack/shell
2: 3 /root/data/app/release_pack/conference
3: 4 /root/data/app/release_pack/conference/2015
4: 5 /root/data/app/release_pack/conference/.git
5: 6 /root/data/app/release_pack/conference/.git/hooks
6: 7 /root/data/app/release_pack/conference/.git/info
7: 8 /root/data/app/release_pack/conference/.git/logs
8: 9 /root/data/app/release_pack/conference/.git/logs/refs
9: 10 /root/data/app/release_pack/conference/.git/logs/refs/remotes
10: 11 /root/data/app/release_pack/conference/.git/logs/refs/remotes/origin
11: 12 /root/data/app/release_pack/conference/.git/logs/refs/heads
12: 13 /root/data/app/release_pack/conference/.git/refs
13: 14 /root/data/app/release_pack/conference/.git/refs/remotes
14: 15 /root/data/app/release_pack/conference/.git/refs/remotes/origin
15: 16 /root/data/app/release_pack/conference/.git/refs/heads
16: 17 /root/data/app/release_pack/conference/.git/refs/tags
17: 18 /root/data/app/release_pack/conference/.git/objects
18: 19 /root/data/app/release_pack/conference/.git/objects/e0
19: 20 /root/data/app/release_pack/conference/.git/objects/49
20: 21 /root/data/app/release_pack/conference/.git/objects/ca
21: 22 /root/data/app/release_pack/conference/.git/objects/e2
22: 23 /root/data/app/release_pack/conference/.git/objects/d7
23: 24 /root/data/app/release_pack/conference/.git/objects/78
24: 25 /root/data/app/release_pack/conference/.git/objects/3a
25: 26 /root/data/app/release_pack/conference/.git/objects/2d
26: 27 /root/data/app/release_pack/conference/.git/objects/81
27: 28 /root/data/app/release_pack/conference/.git/objects/18
28: 29 /root/data/app/release_pack/conference/.git/objects/c3
29: 30 /root/data/app/release_pack/conference/.git/objects/53
30: 31 /root/data/app/release_pack/conference/.git/objects/62
31: 32 /root/data/app/release_pack/conference/.git/objects/25
32: 33 /root/data/app/release_pack/conference/.git/objects/f3
33: 34 /root/data/app/release_pack/conference/.git/objects/04
34: 35 /root/data/app/release_pack/conference/.git/objects/1b
35: 36 /root/data/app/release_pack/conference/.git/objects/6a
36: 37 /root/data/app/release_pack/conference/.git/objects/a8
37: 38 /root/data/app/release_pack/conference/.git/objects/1e
38: 39 /root/data/app/release_pack/conference/.git/objects/3c
39: 40 /root/data/app/release_pack/conference/.git/objects/f1
40: 41 /root/data/app/release_pack/conference/.git/objects/9a
41: 42 /root/data/app/release_pack/conference/.git/objects/7c
42: 43 /root/data/app/release_pack/conference/.git/objects/31
43: 44 /root/data/app/release_pack/conference/.git/objects/0f
44: 45 /root/data/app/release_pack/conference/.git/objects/29
45: 46 /root/data/app/release_pack/conference/.git/objects/b4
46: 47 /root/data/app/release_pack/conference/.git/objects/c9
47: 48 /root/data/app/release_pack/conference/.git/objects/info
48: 49 /root/data/app/release_pack/conference/.git/objects/77
49: 50 /root/data/app/release_pack/conference/.git/objects/be
50: 51 /root/data/app/release_pack/conference/.git/objects/7a
51: 52 /root/data/app/release_pack/conference/.git/objects/0c
52: 53 /root/data/app/release_pack/conference/.git/objects/6f
53: 54 /root/data/app/release_pack/conference/.git/objects/32
54: 55 /root/data/app/release_pack/conference/.git/objects/bd
55: 56 /root/data/app/release_pack/conference/.git/objects/3f
56: 57 /root/data/app/release_pack/conference/.git/objects/f0
57: 58 /root/data/app/release_pack/conference/.git/objects/c0
58: 59 /root/data/app/release_pack/conference/.git/objects/52
59: 60 /root/data/app/release_pack/conference/.git/objects/87
60: 61 /root/data/app/release_pack/conference/.git/objects/73
61: 62 /root/data/app/release_pack/conference/.git/objects/71
62: 63 /root/data/app/release_pack/conference/.git/objects/59
63: 64 /root/data/app/release_pack/conference/.git/objects/45
64: 65 /root/data/app/release_pack/conference/.git/objects/56
65: 66 /root/data/app/release_pack/conference/.git/objects/b7
66: 67 /root/data/app/release_pack/conference/.git/objects/a9
67: 68 /root/data/app/release_pack/conference/.git/objects/74
68: 69 /root/data/app/release_pack/conference/.git/objects/1c
69: 70 /root/data/app/release_pack/conference/.git/objects/7e
70: 71 /root/data/app/release_pack/conference/.git/objects/1a
71: 72 /root/data/app/release_pack/conference/.git/objects/ee
72: 73 /root/data/app/release_pack/conference/.git/objects/86
73: 74 /root/data/app/release_pack/conference/.git/objects/37
74: 75 /root/data/app/release_pack/conference/.git/objects/39
75: 76 /root/data/app/release_pack/conference/.git/objects/d2
76: 77 /root/data/app/release_pack/conference/.git/objects/c2
77: 78 /root/data/app/release_pack/conference/.git/objects/f5
78: 79 /root/data/app/release_pack/conference/.git/objects/dc
79: 80 /root/data/app/release_pack/conference/.git/objects/f8
80: 81 /root/data/app/release_pack/conference/.git/objects/4e
81: 82 /root/data/app/release_pack/conference/.git/objects/88
82: 83 /root/data/app/release_pack/conference/.git/objects/90
83: 84 /root/data/app/release_pack/conference/.git/objects/36
84: 85 /root/data/app/release_pack/conference/.git/objects/pack
85: 86 /root/data/app/release_pack/conference/.git/objects/34
86: 87 /root/data/app/release_pack/conference/.git/objects/4a
87: 88 /root/data/app/release_pack/conference/.git/objects/7f
88: 89 /root/data/app/release_pack/conference/.git/objects/ba
89: 90 /root/data/app/release_pack/conference/.git/objects/a5
90: 91 /root/data/app/release_pack/conference/.git/objects/35
91: 92 /root/data/app/release_pack/conference/.git/objects/09
92: 93 /root/data/app/release_pack/conference/.git/objects/e3
93: 94 /root/data/app/release_pack/conference/.git/objects/cf
94: 95 /root/data/app/release_pack/conference/.git/objects/ab
95: 96 /root/data/app/release_pack/conference/.git/objects/e1
96: 97 /root/data/app/release_pack/conference/.git/objects/a7
97: 98 /root/data/app/release_pack/conference/.git/branches
98: 99 /root/data/app/release_pack/conference/2018
99: 100 /root/data/app/release_pack/conference/2017
100: 101 /root/data/app/release_pack/conference/2016
101: 102 /root/data/app/release_pack/uparse
102: 103 /root/data/app/release_pack/uparse/config
103: 104 /root/data/app/release_pack/uparse/config/template
104: 105 /root/data/app/release_pack/uparse/log
105: 106 /root/data/app/release_pack/uparse/lib
106: 107 /root/data/app/release_pack/uparse/lib/luasandbox
107: 108 /root/data/app/release_pack/uparse/lib/luasandbox/modules
108: 109 /root/data/app/release_pack/uparse/lib/luasandbox/io_modules
109: 110 /root/data/app/release_pack/uparse/lib/luasandbox/io_modules/mime
110: 111 /root/data/app/release_pack/uparse/lib/luasandbox/io_modules/socket
111: 112 /root/data/app/release_pack/uparse/include
112: 113 /root/data/app/release_pack/uparse/include/luasandbox
113: 114 /root/data/app/release_pack/uparse/bin
114: 115 /root/data/app/release_pack/uparse/temp
115: 116 /root/data/app/release_pack/uparse/share
116: 117 /root/data/app/release_pack/uparse/share/doc
117: 118 /root/data/app/release_pack/uparse/share/doc/luasandbox
118: 119 /root/data/app/release_pack/uparse/share/man
119: 120 /root/data/app/release_pack/uparse/share/man/man5
120: 121 /root/data/app/release_pack/uparse/share/man/man1
121: 122 /root/data/app/release_pack/uparse/share/uparse
122: 123 /root/data/app/release_pack/uparse/share/uparse/dasher
123: 124 /root/data/app/release_pack/uparse/share/uparse/dasher/fonts
124: 125 /root/data/app/release_pack/uparse/share/uparse/dasher/css
125: 126 /root/data/app/release_pack/uparse/share/uparse/dasher/javascript
126: 127 /root/data/app/release_pack/uparse/share/uparse/dasher/javascript/adapters
127: 128 /root/data/app/release_pack/uparse/share/uparse/dasher/javascript/lib
128: 129 /root/data/app/release_pack/uparse/share/uparse/dasher/javascript/templates
129: 130 /root/data/app/release_pack/uparse/share/uparse/dasher/javascript/templates/sandboxes
130: 131 /root/data/app/release_pack/uparse/share/uparse/dasher/javascript/templates/termination_report
131: 132 /root/data/app/release_pack/uparse/share/uparse/dasher/javascript/templates/health
132: 133 /root/data/app/release_pack/uparse/share/uparse/dasher/javascript/models
133: 134 /root/data/app/release_pack/uparse/share/uparse/dasher/javascript/views
134: 135 /root/data/app/release_pack/uparse/share/uparse/dasher/javascript/views/sandboxes
135: 136 /root/data/app/release_pack/uparse/share/uparse/dasher/javascript/views/termination_report
136: 137 /root/data/app/release_pack/uparse/share/uparse/dasher/javascript/views/health
137: 138 /root/data/app/release_pack/uparse/share/uparse/dasher/javascript/presenters
138: 139 /root/data/app/release_pack/uparse/share/uparse/dasher/javascript/vendor
139: 140 /root/data/app/release_pack/uparse/share/uparse/dasher/javascript/collections
140: 141 /root/data/app/release_pack/uparse/share/uparse/dasher/images
141: 142 /root/data/app/release_pack/uparse/share/uparse/examples
142: 143 /root/data/app/release_pack/uparse/share/uparse/lua_filters
143: 144 /root/data/app/release_pack/uparse/share/uparse/lua_decoders
144: 145 /root/data/app/release_pack/uparse/share/uparse/lua_modules
145: 146 /root/data/app/release_pack/uparse/share/uparse/lua_encoders
146: 147 /root/data/app/release_pack/uparse/share/uparse/lua_io_modules
147: 148 /root/data/app/release_pack/uparse/share/uparse/lua_io_modules/mime
148: 149 /root/data/app/release_pack/uparse/share/uparse/lua_io_modules/socket
149: 150 /root/data/app/release_pack/librdkafka
150: 151 /root/data/app/release_pack/librdkafka/packaging
151: 152 /root/data/app/release_pack/librdkafka/packaging/cmake
152: 153 /root/data/app/release_pack/librdkafka/packaging/cmake/try_compile
153: 154 /root/data/app/release_pack/librdkafka/packaging/debian
154: 155 /root/data/app/release_pack/librdkafka/packaging/debian/source
155: 156 /root/data/app/release_pack/librdkafka/packaging/rpm
156: 157 /root/data/app/release_pack/librdkafka/packaging/archlinux
157: 158 /root/data/app/release_pack/librdkafka/packaging/nuget
158: 159 /root/data/app/release_pack/librdkafka/packaging/nuget/templates
159: 160 /root/data/app/release_pack/librdkafka/packaging/nuget/zfile
160: 161 /root/data/app/release_pack/librdkafka/packaging/nuget/common
161: 162 /root/data/app/release_pack/librdkafka/packaging/nuget/common/p-common__plat-windows__arch-win32__bldtype-Release
162: 163 /root/data/app/release_pack/librdkafka/packaging/nuget/common/p-common__plat-windows__arch-x64__bldtype-Release
163: 164 /root/data/app/release_pack/librdkafka/packaging/tools
164: 165 /root/data/app/release_pack/librdkafka/packaging/homebrew
165: 166 /root/data/app/release_pack/librdkafka/src
166: 167 /root/data/app/release_pack/librdkafka/.github
167: 168 /root/data/app/release_pack/librdkafka/src-cpp
168: 169 /root/data/app/release_pack/librdkafka/examples
169: 170 /root/data/app/release_pack/librdkafka/.git
170: 171 /root/data/app/release_pack/librdkafka/.git/hooks
171: 172 /root/data/app/release_pack/librdkafka/.git/info
172: 173 /root/data/app/release_pack/librdkafka/.git/logs
173: 174 /root/data/app/release_pack/librdkafka/.git/logs/refs
174: 175 /root/data/app/release_pack/librdkafka/.git/logs/refs/remotes
175: 176 /root/data/app/release_pack/librdkafka/.git/logs/refs/remotes/origin
176: 177 /root/data/app/release_pack/librdkafka/.git/logs/refs/heads
177: 178 /root/data/app/release_pack/librdkafka/.git/refs
178: 179 /root/data/app/release_pack/librdkafka/.git/refs/remotes
179: 180 /root/data/app/release_pack/librdkafka/.git/refs/remotes/origin
180: 181 /root/data/app/release_pack/librdkafka/.git/refs/heads
181: 182 /root/data/app/release_pack/librdkafka/.git/refs/tags
182: 183 /root/data/app/release_pack/librdkafka/.git/objects
183: 184 /root/data/app/release_pack/librdkafka/.git/objects/info
184: 185 /root/data/app/release_pack/librdkafka/.git/objects/pack
185: 186 /root/data/app/release_pack/librdkafka/.git/branches
186: 187 /root/data/app/release_pack/librdkafka/tests
187: 188 /root/data/app/release_pack/librdkafka/tests/interceptor_test
188: 189 /root/data/app/release_pack/librdkafka/tests/java
189: 190 /root/data/app/release_pack/librdkafka/tests/plugin_test
190: 191 /root/data/app/release_pack/librdkafka/win32
191: 192 /root/data/app/release_pack/librdkafka/win32/rdkafka_performance
192: 193 /root/data/app/release_pack/librdkafka/win32/packages
193: 194 /root/data/app/release_pack/librdkafka/win32/interceptor_test
194: 195 /root/data/app/release_pack/librdkafka/win32/rdkafka_consumer_example_cpp
195: 196 /root/data/app/release_pack/librdkafka/win32/tests
196: 197 /root/data/app/release_pack/librdkafka/win32/librdkafkacpp
197: 198 /root/data/app/release_pack/librdkafka/win32/rdkafka_example
198: 199 /root/data/app/release_pack/librdkafka/mklove
199: 200 /root/data/app/release_pack/librdkafka/mklove/modules
200: 201 /root/data/app/release_pack/uparse_mgr_dir
201: 202 /root/data/app/release_pack/uparse.base
202: 203 /root/data/app/release_pack/uparse.base/config
203: 204 /root/data/app/release_pack/uparse.base/lib
204: 205 /root/data/app/release_pack/uparse.base/bin
205: 206 /root/data/app/release_pack/uparse.base/dashboard
206: 207 /root/data/app/release_pack/uparse.base/dashboard/data
207: 208 /root/data/app/release_pack/uparse.base/share
208: 209 /root/data/app/release_pack/uparse.base/share/uparse
209: 210 /root/data/app/release_pack/uparse.base/share/uparse/dasher
210: 211 /root/data/app/release_pack/uparse.base/share/uparse/dasher/fonts
211: 212 /root/data/app/release_pack/uparse.base/share/uparse/dasher/css
212: 213 /root/data/app/release_pack/uparse.base/share/uparse/dasher/javascript
213: 214 /root/data/app/release_pack/uparse.base/share/uparse/dasher/javascript/adapters
214: 215 /root/data/app/release_pack/uparse.base/share/uparse/dasher/javascript/lib
215: 216 /root/data/app/release_pack/uparse.base/share/uparse/dasher/javascript/templates
216: 217 /root/data/app/release_pack/uparse.base/share/uparse/dasher/javascript/templates/sandboxes
217: 218 /root/data/app/release_pack/uparse.base/share/uparse/dasher/javascript/templates/termination_report
218: 219 /root/data/app/release_pack/uparse.base/share/uparse/dasher/javascript/templates/health
219: 220 /root/data/app/release_pack/uparse.base/share/uparse/dasher/javascript/models
220: 221 /root/data/app/release_pack/uparse.base/share/uparse/dasher/javascript/views
221: 222 /root/data/app/release_pack/uparse.base/share/uparse/dasher/javascript/views/sandboxes
222: 223 /root/data/app/release_pack/uparse.base/share/uparse/dasher/javascript/views/termination_report
223: 224 /root/data/app/release_pack/uparse.base/share/uparse/dasher/javascript/views/health
224: 225 /root/data/app/release_pack/uparse.base/share/uparse/dasher/javascript/presenters
225: 226 /root/data/app/release_pack/uparse.base/share/uparse/dasher/javascript/vendor
226: 227 /root/data/app/release_pack/uparse.base/share/uparse/dasher/javascript/collections
227: 228 /root/data/app/release_pack/uparse.base/share/uparse/dasher/images
228: 229 /root/data/app/release_pack/uparse.base/share/uparse/examples
229: 230 /root/data/app/release_pack/uparse.base/share/uparse/lua_filters
230: 231 /root/data/app/release_pack/uparse.base/share/uparse/lua_decoders
231: 232 /root/data/app/release_pack/uparse.base/share/uparse/lua_modules
232: 233 /root/data/app/release_pack/uparse.base/share/uparse/lua_encoders
233: 234 /root/data/app/release_pack/uparse.base/share/uparse/lua_io_modules
234: 235 /root/data/app/release_pack/uparse.base/share/uparse/lua_io_modules/mime
235: 236 /root/data/app/release_pack/uparse.base/share/uparse/lua_io_modules/socket
236: 237 /root/data/app/release_pack/uparse.base/share/dashboard
237: 238 /root/data/app/release_pack/uparse.base/share/dashboard/fonts
238: 239 /root/data/app/release_pack/uparse.base/share/dashboard/css
239: 240 /root/data/app/release_pack/uparse.base/share/dashboard/data
240: 241 /root/data/app/release_pack/uparse.base/share/dashboard/javascript
241: 242 /root/data/app/release_pack/uparse.base/share/dashboard/javascript/adapters
242: 243 /root/data/app/release_pack/uparse.base/share/dashboard/javascript/lib
243: 244 /root/data/app/release_pack/uparse.base/share/dashboard/javascript/templates
244: 245 /root/data/app/release_pack/uparse.base/share/dashboard/javascript/templates/sandboxes
245: 246 /root/data/app/release_pack/uparse.base/share/dashboard/javascript/templates/termination_report
246: 247 /root/data/app/release_pack/uparse.base/share/dashboard/javascript/templates/health
247: 248 /root/data/app/release_pack/uparse.base/share/dashboard/javascript/models
248: 249 /root/data/app/release_pack/uparse.base/share/dashboard/javascript/views
249: 250 /root/data/app/release_pack/uparse.base/share/dashboard/javascript/views/sandboxes
250: 251 /root/data/app/release_pack/uparse.base/share/dashboard/javascript/views/termination_report
251: 252 /root/data/app/release_pack/uparse.base/share/dashboard/javascript/views/health
252: 253 /root/data/app/release_pack/uparse.base/share/dashboard/javascript/presenters
253: 254 /root/data/app/release_pack/uparse.base/share/dashboard/javascript/vendor
254: 255 /root/data/app/release_pack/uparse.base/share/dashboard/javascript/collections
255: 256 /root/data/app/release_pack/uparse.base/share/dashboard/images
Total entries: 256

==========> Read 1: got 32 bytes
==> wd = 1; mask = IN_CREATE 
        name = haha.log
0: 1 /root/data/app/release_pack
1: 2 /root/data/app/release_pack/shell
2: 3 /root/data/app/release_pack/conference
3: 4 /root/data/app/release_pack/conference/2015
4: 5 /root/data/app/release_pack/conference/.git
5: 6 /root/data/app/release_pack/conference/.git/hooks
6: 7 /root/data/app/release_pack/conference/.git/info
7: 8 /root/data/app/release_pack/conference/.git/logs
8: 9 /root/data/app/release_pack/conference/.git/logs/refs
9: 10 /root/data/app/release_pack/conference/.git/logs/refs/remotes
10: 11 /root/data/app/release_pack/conference/.git/logs/refs/remotes/origin
11: 12 /root/data/app/release_pack/conference/.git/logs/refs/heads
12: 13 /root/data/app/release_pack/conference/.git/refs
13: 14 /root/data/app/release_pack/conference/.git/refs/remotes
14: 15 /root/data/app/release_pack/conference/.git/refs/remotes/origin
15: 16 /root/data/app/release_pack/conference/.git/refs/heads
16: 17 /root/data/app/release_pack/conference/.git/refs/tags
17: 18 /root/data/app/release_pack/conference/.git/objects
18: 19 /root/data/app/release_pack/conference/.git/objects/e0
19: 20 /root/data/app/release_pack/conference/.git/objects/49
20: 21 /root/data/app/release_pack/conference/.git/objects/ca
21: 22 /root/data/app/release_pack/conference/.git/objects/e2
22: 23 /root/data/app/release_pack/conference/.git/objects/d7
23: 24 /root/data/app/release_pack/conference/.git/objects/78
24: 25 /root/data/app/release_pack/conference/.git/objects/3a
25: 26 /root/data/app/release_pack/conference/.git/objects/2d
26: 27 /root/data/app/release_pack/conference/.git/objects/81
27: 28 /root/data/app/release_pack/conference/.git/objects/18
28: 29 /root/data/app/release_pack/conference/.git/objects/c3
29: 30 /root/data/app/release_pack/conference/.git/objects/53
30: 31 /root/data/app/release_pack/conference/.git/objects/62
31: 32 /root/data/app/release_pack/conference/.git/objects/25
32: 33 /root/data/app/release_pack/conference/.git/objects/f3
33: 34 /root/data/app/release_pack/conference/.git/objects/04
34: 35 /root/data/app/release_pack/conference/.git/objects/1b
35: 36 /root/data/app/release_pack/conference/.git/objects/6a
36: 37 /root/data/app/release_pack/conference/.git/objects/a8
37: 38 /root/data/app/release_pack/conference/.git/objects/1e
38: 39 /root/data/app/release_pack/conference/.git/objects/3c
39: 40 /root/data/app/release_pack/conference/.git/objects/f1
40: 41 /root/data/app/release_pack/conference/.git/objects/9a
41: 42 /root/data/app/release_pack/conference/.git/objects/7c
42: 43 /root/data/app/release_pack/conference/.git/objects/31
43: 44 /root/data/app/release_pack/conference/.git/objects/0f
44: 45 /root/data/app/release_pack/conference/.git/objects/29
45: 46 /root/data/app/release_pack/conference/.git/objects/b4
46: 47 /root/data/app/release_pack/conference/.git/objects/c9
47: 48 /root/data/app/release_pack/conference/.git/objects/info
48: 49 /root/data/app/release_pack/conference/.git/objects/77
49: 50 /root/data/app/release_pack/conference/.git/objects/be
50: 51 /root/data/app/release_pack/conference/.git/objects/7a
51: 52 /root/data/app/release_pack/conference/.git/objects/0c
52: 53 /root/data/app/release_pack/conference/.git/objects/6f
53: 54 /root/data/app/release_pack/conference/.git/objects/32
54: 55 /root/data/app/release_pack/conference/.git/objects/bd
55: 56 /root/data/app/release_pack/conference/.git/objects/3f
56: 57 /root/data/app/release_pack/conference/.git/objects/f0
57: 58 /root/data/app/release_pack/conference/.git/objects/c0
58: 59 /root/data/app/release_pack/conference/.git/objects/52
59: 60 /root/data/app/release_pack/conference/.git/objects/87
60: 61 /root/data/app/release_pack/conference/.git/objects/73
61: 62 /root/data/app/release_pack/conference/.git/objects/71
62: 63 /root/data/app/release_pack/conference/.git/objects/59
63: 64 /root/data/app/release_pack/conference/.git/objects/45
64: 65 /root/data/app/release_pack/conference/.git/objects/56
65: 66 /root/data/app/release_pack/conference/.git/objects/b7
66: 67 /root/data/app/release_pack/conference/.git/objects/a9
67: 68 /root/data/app/release_pack/conference/.git/objects/74
68: 69 /root/data/app/release_pack/conference/.git/objects/1c
69: 70 /root/data/app/release_pack/conference/.git/objects/7e
70: 71 /root/data/app/release_pack/conference/.git/objects/1a
71: 72 /root/data/app/release_pack/conference/.git/objects/ee
72: 73 /root/data/app/release_pack/conference/.git/objects/86
73: 74 /root/data/app/release_pack/conference/.git/objects/37
74: 75 /root/data/app/release_pack/conference/.git/objects/39
75: 76 /root/data/app/release_pack/conference/.git/objects/d2
76: 77 /root/data/app/release_pack/conference/.git/objects/c2
77: 78 /root/data/app/release_pack/conference/.git/objects/f5
78: 79 /root/data/app/release_pack/conference/.git/objects/dc
79: 80 /root/data/app/release_pack/conference/.git/objects/f8
80: 81 /root/data/app/release_pack/conference/.git/objects/4e
81: 82 /root/data/app/release_pack/conference/.git/objects/88
82: 83 /root/data/app/release_pack/conference/.git/objects/90
83: 84 /root/data/app/release_pack/conference/.git/objects/36
84: 85 /root/data/app/release_pack/conference/.git/objects/pack
85: 86 /root/data/app/release_pack/conference/.git/objects/34
86: 87 /root/data/app/release_pack/conference/.git/objects/4a
87: 88 /root/data/app/release_pack/conference/.git/objects/7f
88: 89 /root/data/app/release_pack/conference/.git/objects/ba
89: 90 /root/data/app/release_pack/conference/.git/objects/a5
90: 91 /root/data/app/release_pack/conference/.git/objects/35
91: 92 /root/data/app/release_pack/conference/.git/objects/09
92: 93 /root/data/app/release_pack/conference/.git/objects/e3
93: 94 /root/data/app/release_pack/conference/.git/objects/cf
94: 95 /root/data/app/release_pack/conference/.git/objects/ab
95: 96 /root/data/app/release_pack/conference/.git/objects/e1
96: 97 /root/data/app/release_pack/conference/.git/objects/a7
97: 98 /root/data/app/release_pack/conference/.git/branches
98: 99 /root/data/app/release_pack/conference/2018
99: 100 /root/data/app/release_pack/conference/2017
100: 101 /root/data/app/release_pack/conference/2016
101: 102 /root/data/app/release_pack/uparse
102: 103 /root/data/app/release_pack/uparse/config
103: 104 /root/data/app/release_pack/uparse/config/template
104: 105 /root/data/app/release_pack/uparse/log
105: 106 /root/data/app/release_pack/uparse/lib
106: 107 /root/data/app/release_pack/uparse/lib/luasandbox
107: 108 /root/data/app/release_pack/uparse/lib/luasandbox/modules
108: 109 /root/data/app/release_pack/uparse/lib/luasandbox/io_modules
109: 110 /root/data/app/release_pack/uparse/lib/luasandbox/io_modules/mime
110: 111 /root/data/app/release_pack/uparse/lib/luasandbox/io_modules/socket
111: 112 /root/data/app/release_pack/uparse/include
112: 113 /root/data/app/release_pack/uparse/include/luasandbox
113: 114 /root/data/app/release_pack/uparse/bin
114: 115 /root/data/app/release_pack/uparse/temp
115: 116 /root/data/app/release_pack/uparse/share
116: 117 /root/data/app/release_pack/uparse/share/doc
117: 118 /root/data/app/release_pack/uparse/share/doc/luasandbox
118: 119 /root/data/app/release_pack/uparse/share/man
119: 120 /root/data/app/release_pack/uparse/share/man/man5
120: 121 /root/data/app/release_pack/uparse/share/man/man1
121: 122 /root/data/app/release_pack/uparse/share/uparse
122: 123 /root/data/app/release_pack/uparse/share/uparse/dasher
123: 124 /root/data/app/release_pack/uparse/share/uparse/dasher/fonts
124: 125 /root/data/app/release_pack/uparse/share/uparse/dasher/css
125: 126 /root/data/app/release_pack/uparse/share/uparse/dasher/javascript
126: 127 /root/data/app/release_pack/uparse/share/uparse/dasher/javascript/adapters
127: 128 /root/data/app/release_pack/uparse/share/uparse/dasher/javascript/lib
128: 129 /root/data/app/release_pack/uparse/share/uparse/dasher/javascript/templates
129: 130 /root/data/app/release_pack/uparse/share/uparse/dasher/javascript/templates/sandboxes
130: 131 /root/data/app/release_pack/uparse/share/uparse/dasher/javascript/templates/termination_report
131: 132 /root/data/app/release_pack/uparse/share/uparse/dasher/javascript/templates/health
132: 133 /root/data/app/release_pack/uparse/share/uparse/dasher/javascript/models
133: 134 /root/data/app/release_pack/uparse/share/uparse/dasher/javascript/views
134: 135 /root/data/app/release_pack/uparse/share/uparse/dasher/javascript/views/sandboxes
135: 136 /root/data/app/release_pack/uparse/share/uparse/dasher/javascript/views/termination_report
136: 137 /root/data/app/release_pack/uparse/share/uparse/dasher/javascript/views/health
137: 138 /root/data/app/release_pack/uparse/share/uparse/dasher/javascript/presenters
138: 139 /root/data/app/release_pack/uparse/share/uparse/dasher/javascript/vendor
139: 140 /root/data/app/release_pack/uparse/share/uparse/dasher/javascript/collections
140: 141 /root/data/app/release_pack/uparse/share/uparse/dasher/images
141: 142 /root/data/app/release_pack/uparse/share/uparse/examples
142: 143 /root/data/app/release_pack/uparse/share/uparse/lua_filters
143: 144 /root/data/app/release_pack/uparse/share/uparse/lua_decoders
144: 145 /root/data/app/release_pack/uparse/share/uparse/lua_modules
145: 146 /root/data/app/release_pack/uparse/share/uparse/lua_encoders
146: 147 /root/data/app/release_pack/uparse/share/uparse/lua_io_modules
147: 148 /root/data/app/release_pack/uparse/share/uparse/lua_io_modules/mime
148: 149 /root/data/app/release_pack/uparse/share/uparse/lua_io_modules/socket
149: 150 /root/data/app/release_pack/librdkafka
150: 151 /root/data/app/release_pack/librdkafka/packaging
151: 152 /root/data/app/release_pack/librdkafka/packaging/cmake
152: 153 /root/data/app/release_pack/librdkafka/packaging/cmake/try_compile
153: 154 /root/data/app/release_pack/librdkafka/packaging/debian
154: 155 /root/data/app/release_pack/librdkafka/packaging/debian/source
155: 156 /root/data/app/release_pack/librdkafka/packaging/rpm
156: 157 /root/data/app/release_pack/librdkafka/packaging/archlinux
157: 158 /root/data/app/release_pack/librdkafka/packaging/nuget
158: 159 /root/data/app/release_pack/librdkafka/packaging/nuget/templates
159: 160 /root/data/app/release_pack/librdkafka/packaging/nuget/zfile
160: 161 /root/data/app/release_pack/librdkafka/packaging/nuget/common
161: 162 /root/data/app/release_pack/librdkafka/packaging/nuget/common/p-common__plat-windows__arch-win32__bldtype-Release
162: 163 /root/data/app/release_pack/librdkafka/packaging/nuget/common/p-common__plat-windows__arch-x64__bldtype-Release
163: 164 /root/data/app/release_pack/librdkafka/packaging/tools
164: 165 /root/data/app/release_pack/librdkafka/packaging/homebrew
165: 166 /root/data/app/release_pack/librdkafka/src
166: 167 /root/data/app/release_pack/librdkafka/.github
167: 168 /root/data/app/release_pack/librdkafka/src-cpp
168: 169 /root/data/app/release_pack/librdkafka/examples
169: 170 /root/data/app/release_pack/librdkafka/.git
170: 171 /root/data/app/release_pack/librdkafka/.git/hooks
171: 172 /root/data/app/release_pack/librdkafka/.git/info
172: 173 /root/data/app/release_pack/librdkafka/.git/logs
173: 174 /root/data/app/release_pack/librdkafka/.git/logs/refs
174: 175 /root/data/app/release_pack/librdkafka/.git/logs/refs/remotes
175: 176 /root/data/app/release_pack/librdkafka/.git/logs/refs/remotes/origin
176: 177 /root/data/app/release_pack/librdkafka/.git/logs/refs/heads
177: 178 /root/data/app/release_pack/librdkafka/.git/refs
178: 179 /root/data/app/release_pack/librdkafka/.git/refs/remotes
179: 180 /root/data/app/release_pack/librdkafka/.git/refs/remotes/origin
180: 181 /root/data/app/release_pack/librdkafka/.git/refs/heads
181: 182 /root/data/app/release_pack/librdkafka/.git/refs/tags
182: 183 /root/data/app/release_pack/librdkafka/.git/objects
183: 184 /root/data/app/release_pack/librdkafka/.git/objects/info
184: 185 /root/data/app/release_pack/librdkafka/.git/objects/pack
185: 186 /root/data/app/release_pack/librdkafka/.git/branches
186: 187 /root/data/app/release_pack/librdkafka/tests
187: 188 /root/data/app/release_pack/librdkafka/tests/interceptor_test
188: 189 /root/data/app/release_pack/librdkafka/tests/java
189: 190 /root/data/app/release_pack/librdkafka/tests/plugin_test
190: 191 /root/data/app/release_pack/librdkafka/win32
191: 192 /root/data/app/release_pack/librdkafka/win32/rdkafka_performance
192: 193 /root/data/app/release_pack/librdkafka/win32/packages
193: 194 /root/data/app/release_pack/librdkafka/win32/interceptor_test
194: 195 /root/data/app/release_pack/librdkafka/win32/rdkafka_consumer_example_cpp
195: 196 /root/data/app/release_pack/librdkafka/win32/tests
196: 197 /root/data/app/release_pack/librdkafka/win32/librdkafkacpp
197: 198 /root/data/app/release_pack/librdkafka/win32/rdkafka_example
198: 199 /root/data/app/release_pack/librdkafka/mklove
199: 200 /root/data/app/release_pack/librdkafka/mklove/modules
200: 201 /root/data/app/release_pack/uparse_mgr_dir
201: 202 /root/data/app/release_pack/uparse.base
202: 203 /root/data/app/release_pack/uparse.base/config
203: 204 /root/data/app/release_pack/uparse.base/lib
204: 205 /root/data/app/release_pack/uparse.base/bin
205: 206 /root/data/app/release_pack/uparse.base/dashboard
206: 207 /root/data/app/release_pack/uparse.base/dashboard/data
207: 208 /root/data/app/release_pack/uparse.base/share
208: 209 /root/data/app/release_pack/uparse.base/share/uparse
209: 210 /root/data/app/release_pack/uparse.base/share/uparse/dasher
210: 211 /root/data/app/release_pack/uparse.base/share/uparse/dasher/fonts
211: 212 /root/data/app/release_pack/uparse.base/share/uparse/dasher/css
212: 213 /root/data/app/release_pack/uparse.base/share/uparse/dasher/javascript
213: 214 /root/data/app/release_pack/uparse.base/share/uparse/dasher/javascript/adapters
214: 215 /root/data/app/release_pack/uparse.base/share/uparse/dasher/javascript/lib
215: 216 /root/data/app/release_pack/uparse.base/share/uparse/dasher/javascript/templates
216: 217 /root/data/app/release_pack/uparse.base/share/uparse/dasher/javascript/templates/sandboxes
217: 218 /root/data/app/release_pack/uparse.base/share/uparse/dasher/javascript/templates/termination_report
218: 219 /root/data/app/release_pack/uparse.base/share/uparse/dasher/javascript/templates/health
219: 220 /root/data/app/release_pack/uparse.base/share/uparse/dasher/javascript/models
220: 221 /root/data/app/release_pack/uparse.base/share/uparse/dasher/javascript/views
221: 222 /root/data/app/release_pack/uparse.base/share/uparse/dasher/javascript/views/sandboxes
222: 223 /root/data/app/release_pack/uparse.base/share/uparse/dasher/javascript/views/termination_report
223: 224 /root/data/app/release_pack/uparse.base/share/uparse/dasher/javascript/views/health
224: 225 /root/data/app/release_pack/uparse.base/share/uparse/dasher/javascript/presenters
225: 226 /root/data/app/release_pack/uparse.base/share/uparse/dasher/javascript/vendor
226: 227 /root/data/app/release_pack/uparse.base/share/uparse/dasher/javascript/collections
227: 228 /root/data/app/release_pack/uparse.base/share/uparse/dasher/images
228: 229 /root/data/app/release_pack/uparse.base/share/uparse/examples
229: 230 /root/data/app/release_pack/uparse.base/share/uparse/lua_filters
230: 231 /root/data/app/release_pack/uparse.base/share/uparse/lua_decoders
231: 232 /root/data/app/release_pack/uparse.base/share/uparse/lua_modules
232: 233 /root/data/app/release_pack/uparse.base/share/uparse/lua_encoders
233: 234 /root/data/app/release_pack/uparse.base/share/uparse/lua_io_modules
234: 235 /root/data/app/release_pack/uparse.base/share/uparse/lua_io_modules/mime
235: 236 /root/data/app/release_pack/uparse.base/share/uparse/lua_io_modules/socket
236: 237 /root/data/app/release_pack/uparse.base/share/dashboard
237: 238 /root/data/app/release_pack/uparse.base/share/dashboard/fonts
238: 239 /root/data/app/release_pack/uparse.base/share/dashboard/css
239: 240 /root/data/app/release_pack/uparse.base/share/dashboard/data
240: 241 /root/data/app/release_pack/uparse.base/share/dashboard/javascript
241: 242 /root/data/app/release_pack/uparse.base/share/dashboard/javascript/adapters
242: 243 /root/data/app/release_pack/uparse.base/share/dashboard/javascript/lib
243: 244 /root/data/app/release_pack/uparse.base/share/dashboard/javascript/templates
244: 245 /root/data/app/release_pack/uparse.base/share/dashboard/javascript/templates/sandboxes
245: 246 /root/data/app/release_pack/uparse.base/share/dashboard/javascript/templates/termination_report
246: 247 /root/data/app/release_pack/uparse.base/share/dashboard/javascript/templates/health
247: 248 /root/data/app/release_pack/uparse.base/share/dashboard/javascript/models
248: 249 /root/data/app/release_pack/uparse.base/share/dashboard/javascript/views
249: 250 /root/data/app/release_pack/uparse.base/share/dashboard/javascript/views/sandboxes
250: 251 /root/data/app/release_pack/uparse.base/share/dashboard/javascript/views/termination_report
251: 252 /root/data/app/release_pack/uparse.base/share/dashboard/javascript/views/health
252: 253 /root/data/app/release_pack/uparse.base/share/dashboard/javascript/presenters
253: 254 /root/data/app/release_pack/uparse.base/share/dashboard/javascript/vendor
254: 255 /root/data/app/release_pack/uparse.base/share/dashboard/javascript/collections
255: 256 /root/data/app/release_pack/uparse.base/share/dashboard/images
Total entries: 256
